<?xml version="1.0" encoding="UTF-8"?><testsuite errors="0" failures="0" name="bestbuy.apiplaygroundinfo.categories.CategoriesCurdTest" skipped="0" tests="4" time="5.3" timestamp="2022-06-05T13:13:35.324+01:00[Europe/London]"><testcase classname="bestbuy.apiplaygroundinfo.categories.CategoriesCurdTest" name="This is Created The New Categories"/><testcase classname="bestbuy.apiplaygroundinfo.categories.CategoriesCurdTest" name="This is get Product List by ID"/><testcase classname="bestbuy.apiplaygroundinfo.categories.CategoriesCurdTest" name="This is Update The Categories By ID"/><testcase classname="bestbuy.apiplaygroundinfo.categories.CategoriesCurdTest" name="This is Delete The Categories By ID"/></testsuite>