<?xml version="1.0" encoding="UTF-8"?><testsuite errors="0" failures="0" name="bestbuy.apiplaygroundinfo.services.ServicesCurdTest" skipped="0" tests="4" time="0.16" timestamp="2022-06-05T13:13:42.258+01:00[Europe/London]"><testcase classname="bestbuy.apiplaygroundinfo.services.ServicesCurdTest" name="This is Created The New Services"/><testcase classname="bestbuy.apiplaygroundinfo.services.ServicesCurdTest" name="This is get Services List by ID"/><testcase classname="bestbuy.apiplaygroundinfo.services.ServicesCurdTest" name="This is Update The Services By ID"/><testcase classname="bestbuy.apiplaygroundinfo.services.ServicesCurdTest" name="This is Delete The Services By ID"/></testsuite>