<?xml version="1.0" encoding="UTF-8"?><testsuite errors="0" failures="0" name="bestbuy.apiplaygroundinfo.products.ProductCurdTest" skipped="0" tests="4" time="5.35" timestamp="2022-06-05T13:13:35.339+01:00[Europe/London]"><testcase classname="bestbuy.apiplaygroundinfo.products.ProductCurdTest" name="This is Created The New Product"/><testcase classname="bestbuy.apiplaygroundinfo.products.ProductCurdTest" name="This is get Product List by ID"/><testcase classname="bestbuy.apiplaygroundinfo.products.ProductCurdTest" name="This is Update The Product By ID"/><testcase classname="bestbuy.apiplaygroundinfo.products.ProductCurdTest" name="This is Delete The Product By ID"/></testsuite>