<?xml version="1.0" encoding="UTF-8"?><testsuite errors="0" failures="0" name="bestbuy.apiplaygroundinfo.stores.StoresCurdTest" skipped="0" tests="4" time="0.3" timestamp="2022-06-05T13:13:41.510+01:00[Europe/London]"><testcase classname="bestbuy.apiplaygroundinfo.stores.StoresCurdTest" name="This is Created The New Store"/><testcase classname="bestbuy.apiplaygroundinfo.stores.StoresCurdTest" name="This is get Store List by ID"/><testcase classname="bestbuy.apiplaygroundinfo.stores.StoresCurdTest" name="This is Update The Store By ID"/><testcase classname="bestbuy.apiplaygroundinfo.stores.StoresCurdTest" name="This is Delete The Store By ID"/></testsuite>